<?xml version="1.0" encoding="UTF-8"?>
<testsuite xmlns:xsi="http://www.w3.org/2001/XMLSchema-instance" xsi:noNamespaceSchemaLocation="https://maven.apache.org/surefire/maven-surefire-plugin/xsd/surefire-test-report-3.0.xsd" version="3.0" name="com.udacity.catpoint.SecurityServiceTest" time="0.611" tests="16" errors="16" skipped="0" failures="0">
  <properties>
    <property name="java.specification.version" value="14"/>
    <property name="sun.cpu.isalist" value="amd64"/>
    <property name="sun.jnu.encoding" value="Cp1252"/>
    <property name="java.class.path" value="D:\Course\Udacity\Java\UdaSecurity-master\catpoint-parent\security-services\target\test-classes;C:\Users\duynq15\.m2\repository\com\google\guava\failureaccess\1.0.1\failureaccess-1.0.1.jar;C:\Users\duynq15\.m2\repository\com\google\guava\listenablefuture\9999.0-empty-to-avoid-conflict-with-guava\listenablefuture-9999.0-empty-to-avoid-conflict-with-guava.jar;C:\Users\duynq15\.m2\repository\com\google\code\findbugs\jsr305\3.0.2\jsr305-3.0.2.jar;C:\Users\duynq15\.m2\repository\org\checkerframework\checker-qual\2.11.1\checker-qual-2.11.1.jar;C:\Users\duynq15\.m2\repository\com\google\errorprone\error_prone_annotations\2.3.4\error_prone_annotations-2.3.4.jar;C:\Users\duynq15\.m2\repository\com\google\j2objc\j2objc-annotations\1.3\j2objc-annotations-1.3.jar;C:\Users\duynq15\.m2\repository\software\amazon\awssdk\annotations\2.15.0\annotations-2.15.0.jar;C:\Users\duynq15\.m2\repository\software\amazon\awssdk\utils\2.15.0\utils-2.15.0.jar;C:\Users\duynq15\.m2\repository\org\reactivestreams\reactive-streams\1.0.2\reactive-streams-1.0.2.jar;C:\Users\duynq15\.m2\repository\com\fasterxml\jackson\core\jackson-core\2.10.4\jackson-core-2.10.4.jar;C:\Users\duynq15\.m2\repository\com\fasterxml\jackson\core\jackson-annotations\2.10.4\jackson-annotations-2.10.4.jar;C:\Users\duynq15\.m2\repository\software\amazon\awssdk\profiles\2.15.0\profiles-2.15.0.jar;C:\Users\duynq15\.m2\repository\software\amazon\awssdk\http-client-spi\2.15.0\http-client-spi-2.15.0.jar;C:\Users\duynq15\.m2\repository\com\fasterxml\jackson\core\jackson-databind\2.10.4\jackson-databind-2.10.4.jar;C:\Users\duynq15\.m2\repository\software\amazon\eventstream\eventstream\1.0.1\eventstream-1.0.1.jar;C:\Users\duynq15\.m2\repository\software\amazon\awssdk\aws-json-protocol\2.15.0\aws-json-protocol-2.15.0.jar;C:\Users\duynq15\.m2\repository\software\amazon\awssdk\protocol-core\2.15.0\protocol-core-2.15.0.jar;C:\Users\duynq15\.m2\repository\software\amazon\awssdk\aws-core\2.15.0\aws-core-2.15.0.jar;C:\Users\duynq15\.m2\repository\software\amazon\awssdk\metrics-spi\2.15.0\metrics-spi-2.15.0.jar;C:\Users\duynq15\.m2\repository\software\amazon\awssdk\apache-client\2.15.0\apache-client-2.15.0.jar;C:\Users\duynq15\.m2\repository\org\apache\httpcomponents\httpclient\4.5.9\httpclient-4.5.9.jar;C:\Users\duynq15\.m2\repository\commons-logging\commons-logging\1.2\commons-logging-1.2.jar;C:\Users\duynq15\.m2\repository\commons-codec\commons-codec\1.11\commons-codec-1.11.jar;C:\Users\duynq15\.m2\repository\org\apache\httpcomponents\httpcore\4.4.11\httpcore-4.4.11.jar;C:\Users\duynq15\.m2\repository\software\amazon\awssdk\netty-nio-client\2.15.0\netty-nio-client-2.15.0.jar;C:\Users\duynq15\.m2\repository\io\netty\netty-codec-http\4.1.46.Final\netty-codec-http-4.1.46.Final.jar;C:\Users\duynq15\.m2\repository\io\netty\netty-codec-http2\4.1.46.Final\netty-codec-http2-4.1.46.Final.jar;C:\Users\duynq15\.m2\repository\io\netty\netty-codec\4.1.46.Final\netty-codec-4.1.46.Final.jar;C:\Users\duynq15\.m2\repository\io\netty\netty-transport\4.1.46.Final\netty-transport-4.1.46.Final.jar;C:\Users\duynq15\.m2\repository\io\netty\netty-resolver\4.1.46.Final\netty-resolver-4.1.46.Final.jar;C:\Users\duynq15\.m2\repository\io\netty\netty-common\4.1.46.Final\netty-common-4.1.46.Final.jar;C:\Users\duynq15\.m2\repository\io\netty\netty-buffer\4.1.46.Final\netty-buffer-4.1.46.Final.jar;C:\Users\duynq15\.m2\repository\io\netty\netty-handler\4.1.46.Final\netty-handler-4.1.46.Final.jar;C:\Users\duynq15\.m2\repository\io\netty\netty-transport-native-epoll\4.1.46.Final\netty-transport-native-epoll-4.1.46.Final-linux-x86_64.jar;C:\Users\duynq15\.m2\repository\io\netty\netty-transport-native-unix-common\4.1.46.Final\netty-transport-native-unix-common-4.1.46.Final.jar;C:\Users\duynq15\.m2\repository\com\typesafe\netty\netty-reactive-streams-http\2.0.4\netty-reactive-streams-http-2.0.4.jar;C:\Users\duynq15\.m2\repository\com\typesafe\netty\netty-reactive-streams\2.0.4\netty-reactive-streams-2.0.4.jar;C:\Users\duynq15\.m2\repository\org\mockito\mockito-junit-jupiter\4.0.0\mockito-junit-jupiter-4.0.0.jar;C:\Users\duynq15\.m2\repository\org\mockito\mockito-core\4.0.0\mockito-core-4.0.0.jar;C:\Users\duynq15\.m2\repository\net\bytebuddy\byte-buddy\1.11.19\byte-buddy-1.11.19.jar;C:\Users\duynq15\.m2\repository\net\bytebuddy\byte-buddy-agent\1.11.19\byte-buddy-agent-1.11.19.jar;C:\Users\duynq15\.m2\repository\org\objenesis\objenesis\3.2\objenesis-3.2.jar;C:\Users\duynq15\.m2\repository\org\junit\jupiter\junit-jupiter-api\5.7.1\junit-jupiter-api-5.7.1.jar;C:\Users\duynq15\.m2\repository\org\apiguardian\apiguardian-api\1.1.0\apiguardian-api-1.1.0.jar;C:\Users\duynq15\.m2\repository\org\opentest4j\opentest4j\1.2.0\opentest4j-1.2.0.jar;C:\Users\duynq15\.m2\repository\org\junit\platform\junit-platform-commons\1.7.1\junit-platform-commons-1.7.1.jar;C:\Users\duynq15\.m2\repository\org\junit\jupiter\junit-jupiter-engine\5.7.1\junit-jupiter-engine-5.7.1.jar;C:\Users\duynq15\.m2\repository\org\junit\platform\junit-platform-engine\1.7.1\junit-platform-engine-1.7.1.jar;C:\Users\duynq15\.m2\repository\org\junit\jupiter\junit-jupiter-params\5.7.1\junit-jupiter-params-5.7.1.jar;C:\Users\duynq15\.m2\repository\org\junit\vintage\junit-vintage-engine\5.7.0\junit-vintage-engine-5.7.0.jar;C:\Users\duynq15\.m2\repository\junit\junit\4.12\junit-4.12.jar;C:\Users\duynq15\.m2\repository\org\hamcrest\hamcrest-core\1.3\hamcrest-core-1.3.jar;"/>
    <property name="java.vm.vendor" value="Oracle Corporation"/>
    <property name="sun.arch.data.model" value="64"/>
    <property name="user.variant" value=""/>
    <property name="java.vendor.url" value="https://java.oracle.com/"/>
    <property name="user.timezone" value="Asia/Bangkok"/>
    <property name="os.name" value="Windows 10"/>
    <property name="java.vm.specification.version" value="14"/>
    <property name="sun.java.launcher" value="SUN_STANDARD"/>
    <property name="user.country" value="US"/>
    <property name="sun.boot.library.path" value="C:\Program Files\Java\jdk-14.0.2\bin"/>
    <property name="sun.java.command" value="org.apache.maven.surefire.booter.ForkedBooter C:\Users\duynq15\AppData\Local\Temp\surefire6645083336254141429 2024-05-05T10-16-20_454-jvmRun1 surefire2821731694446785500tmp surefire_012889718422572258539tmp"/>
    <property name="jdk.debug" value="release"/>
    <property name="surefire.test.class.path" value="D:\Course\Udacity\Java\UdaSecurity-master\catpoint-parent\security-services\target\test-classes;C:\Users\duynq15\.m2\repository\com\google\guava\failureaccess\1.0.1\failureaccess-1.0.1.jar;C:\Users\duynq15\.m2\repository\com\google\guava\listenablefuture\9999.0-empty-to-avoid-conflict-with-guava\listenablefuture-9999.0-empty-to-avoid-conflict-with-guava.jar;C:\Users\duynq15\.m2\repository\com\google\code\findbugs\jsr305\3.0.2\jsr305-3.0.2.jar;C:\Users\duynq15\.m2\repository\org\checkerframework\checker-qual\2.11.1\checker-qual-2.11.1.jar;C:\Users\duynq15\.m2\repository\com\google\errorprone\error_prone_annotations\2.3.4\error_prone_annotations-2.3.4.jar;C:\Users\duynq15\.m2\repository\com\google\j2objc\j2objc-annotations\1.3\j2objc-annotations-1.3.jar;C:\Users\duynq15\.m2\repository\software\amazon\awssdk\annotations\2.15.0\annotations-2.15.0.jar;C:\Users\duynq15\.m2\repository\software\amazon\awssdk\utils\2.15.0\utils-2.15.0.jar;C:\Users\duynq15\.m2\repository\org\reactivestreams\reactive-streams\1.0.2\reactive-streams-1.0.2.jar;C:\Users\duynq15\.m2\repository\com\fasterxml\jackson\core\jackson-core\2.10.4\jackson-core-2.10.4.jar;C:\Users\duynq15\.m2\repository\com\fasterxml\jackson\core\jackson-annotations\2.10.4\jackson-annotations-2.10.4.jar;C:\Users\duynq15\.m2\repository\software\amazon\awssdk\profiles\2.15.0\profiles-2.15.0.jar;C:\Users\duynq15\.m2\repository\software\amazon\awssdk\http-client-spi\2.15.0\http-client-spi-2.15.0.jar;C:\Users\duynq15\.m2\repository\com\fasterxml\jackson\core\jackson-databind\2.10.4\jackson-databind-2.10.4.jar;C:\Users\duynq15\.m2\repository\software\amazon\eventstream\eventstream\1.0.1\eventstream-1.0.1.jar;C:\Users\duynq15\.m2\repository\software\amazon\awssdk\aws-json-protocol\2.15.0\aws-json-protocol-2.15.0.jar;C:\Users\duynq15\.m2\repository\software\amazon\awssdk\protocol-core\2.15.0\protocol-core-2.15.0.jar;C:\Users\duynq15\.m2\repository\software\amazon\awssdk\aws-core\2.15.0\aws-core-2.15.0.jar;C:\Users\duynq15\.m2\repository\software\amazon\awssdk\metrics-spi\2.15.0\metrics-spi-2.15.0.jar;C:\Users\duynq15\.m2\repository\software\amazon\awssdk\apache-client\2.15.0\apache-client-2.15.0.jar;C:\Users\duynq15\.m2\repository\org\apache\httpcomponents\httpclient\4.5.9\httpclient-4.5.9.jar;C:\Users\duynq15\.m2\repository\commons-logging\commons-logging\1.2\commons-logging-1.2.jar;C:\Users\duynq15\.m2\repository\commons-codec\commons-codec\1.11\commons-codec-1.11.jar;C:\Users\duynq15\.m2\repository\org\apache\httpcomponents\httpcore\4.4.11\httpcore-4.4.11.jar;C:\Users\duynq15\.m2\repository\software\amazon\awssdk\netty-nio-client\2.15.0\netty-nio-client-2.15.0.jar;C:\Users\duynq15\.m2\repository\io\netty\netty-codec-http\4.1.46.Final\netty-codec-http-4.1.46.Final.jar;C:\Users\duynq15\.m2\repository\io\netty\netty-codec-http2\4.1.46.Final\netty-codec-http2-4.1.46.Final.jar;C:\Users\duynq15\.m2\repository\io\netty\netty-codec\4.1.46.Final\netty-codec-4.1.46.Final.jar;C:\Users\duynq15\.m2\repository\io\netty\netty-transport\4.1.46.Final\netty-transport-4.1.46.Final.jar;C:\Users\duynq15\.m2\repository\io\netty\netty-resolver\4.1.46.Final\netty-resolver-4.1.46.Final.jar;C:\Users\duynq15\.m2\repository\io\netty\netty-common\4.1.46.Final\netty-common-4.1.46.Final.jar;C:\Users\duynq15\.m2\repository\io\netty\netty-buffer\4.1.46.Final\netty-buffer-4.1.46.Final.jar;C:\Users\duynq15\.m2\repository\io\netty\netty-handler\4.1.46.Final\netty-handler-4.1.46.Final.jar;C:\Users\duynq15\.m2\repository\io\netty\netty-transport-native-epoll\4.1.46.Final\netty-transport-native-epoll-4.1.46.Final-linux-x86_64.jar;C:\Users\duynq15\.m2\repository\io\netty\netty-transport-native-unix-common\4.1.46.Final\netty-transport-native-unix-common-4.1.46.Final.jar;C:\Users\duynq15\.m2\repository\com\typesafe\netty\netty-reactive-streams-http\2.0.4\netty-reactive-streams-http-2.0.4.jar;C:\Users\duynq15\.m2\repository\com\typesafe\netty\netty-reactive-streams\2.0.4\netty-reactive-streams-2.0.4.jar;C:\Users\duynq15\.m2\repository\org\mockito\mockito-junit-jupiter\4.0.0\mockito-junit-jupiter-4.0.0.jar;C:\Users\duynq15\.m2\repository\org\mockito\mockito-core\4.0.0\mockito-core-4.0.0.jar;C:\Users\duynq15\.m2\repository\net\bytebuddy\byte-buddy\1.11.19\byte-buddy-1.11.19.jar;C:\Users\duynq15\.m2\repository\net\bytebuddy\byte-buddy-agent\1.11.19\byte-buddy-agent-1.11.19.jar;C:\Users\duynq15\.m2\repository\org\objenesis\objenesis\3.2\objenesis-3.2.jar;C:\Users\duynq15\.m2\repository\org\junit\jupiter\junit-jupiter-api\5.7.1\junit-jupiter-api-5.7.1.jar;C:\Users\duynq15\.m2\repository\org\apiguardian\apiguardian-api\1.1.0\apiguardian-api-1.1.0.jar;C:\Users\duynq15\.m2\repository\org\opentest4j\opentest4j\1.2.0\opentest4j-1.2.0.jar;C:\Users\duynq15\.m2\repository\org\junit\platform\junit-platform-commons\1.7.1\junit-platform-commons-1.7.1.jar;C:\Users\duynq15\.m2\repository\org\junit\jupiter\junit-jupiter-engine\5.7.1\junit-jupiter-engine-5.7.1.jar;C:\Users\duynq15\.m2\repository\org\junit\platform\junit-platform-engine\1.7.1\junit-platform-engine-1.7.1.jar;C:\Users\duynq15\.m2\repository\org\junit\jupiter\junit-jupiter-params\5.7.1\junit-jupiter-params-5.7.1.jar;C:\Users\duynq15\.m2\repository\org\junit\vintage\junit-vintage-engine\5.7.0\junit-vintage-engine-5.7.0.jar;C:\Users\duynq15\.m2\repository\junit\junit\4.12\junit-4.12.jar;C:\Users\duynq15\.m2\repository\org\hamcrest\hamcrest-core\1.3\hamcrest-core-1.3.jar;"/>
    <property name="sun.cpu.endian" value="little"/>
    <property name="user.home" value="C:\Users\duynq15"/>
    <property name="user.language" value="en"/>
    <property name="java.specification.vendor" value="Oracle Corporation"/>
    <property name="jdk.module.path" value="D:\Course\Udacity\Java\UdaSecurity-master\catpoint-parent\security-services\target\classes;C:\Users\duynq15\.m2\repository\com\miglayout\miglayout\3.7.3\miglayout-3.7.3.jar;C:\Users\duynq15\.m2\repository\com\google\guava\guava\29.0-jre\guava-29.0-jre.jar;C:\Users\duynq15\.m2\repository\com\google\code\gson\gson\2.8.6\gson-2.8.6.jar;D:\Course\Udacity\Java\UdaSecurity-master\catpoint-parent\image-service\target\classes;C:\Users\duynq15\.m2\repository\org\slf4j\slf4j-api\2.0.13\slf4j-api-2.0.13.jar;C:\Users\duynq15\.m2\repository\software\amazon\awssdk\auth\2.15.0\auth-2.15.0.jar;C:\Users\duynq15\.m2\repository\software\amazon\awssdk\sdk-core\2.15.0\sdk-core-2.15.0.jar;C:\Users\duynq15\.m2\repository\software\amazon\awssdk\regions\2.15.0\regions-2.15.0.jar;C:\Users\duynq15\.m2\repository\software\amazon\awssdk\rekognition\2.15.0\rekognition-2.15.0.jar"/>
    <property name="java.version.date" value="2020-07-14"/>
    <property name="java.home" value="C:\Program Files\Java\jdk-14.0.2"/>
    <property name="file.separator" value="\"/>
    <property name="basedir" value="D:\Course\Udacity\Java\UdaSecurity-master\catpoint-parent\security-services"/>
    <property name="java.vm.compressedOopsMode" value="Zero based"/>
    <property name="line.separator" value="&#10;"/>
    <property name="java.vm.specification.vendor" value="Oracle Corporation"/>
    <property name="java.specification.name" value="Java Platform API Specification"/>
    <property name="surefire.real.class.path" value="C:\Users\duynq15\.m2\repository\org\apache\maven\surefire\surefire-booter\3.0.0-M5\surefire-booter-3.0.0-M5.jar;C:\Users\duynq15\.m2\repository\org\apache\maven\surefire\surefire-api\3.0.0-M5\surefire-api-3.0.0-M5.jar;C:\Users\duynq15\.m2\repository\org\apache\maven\surefire\surefire-logger-api\3.0.0-M5\surefire-logger-api-3.0.0-M5.jar;C:\Users\duynq15\.m2\repository\org\apache\maven\surefire\surefire-shared-utils\3.0.0-M4\surefire-shared-utils-3.0.0-M4.jar;C:\Users\duynq15\.m2\repository\org\apache\maven\surefire\surefire-extensions-spi\3.0.0-M5\surefire-extensions-spi-3.0.0-M5.jar;D:\Course\Udacity\Java\UdaSecurity-master\catpoint-parent\security-services\target\test-classes;C:\Users\duynq15\.m2\repository\com\google\guava\failureaccess\1.0.1\failureaccess-1.0.1.jar;C:\Users\duynq15\.m2\repository\com\google\guava\listenablefuture\9999.0-empty-to-avoid-conflict-with-guava\listenablefuture-9999.0-empty-to-avoid-conflict-with-guava.jar;C:\Users\duynq15\.m2\repository\com\google\code\findbugs\jsr305\3.0.2\jsr305-3.0.2.jar;C:\Users\duynq15\.m2\repository\org\checkerframework\checker-qual\2.11.1\checker-qual-2.11.1.jar;C:\Users\duynq15\.m2\repository\com\google\errorprone\error_prone_annotations\2.3.4\error_prone_annotations-2.3.4.jar;C:\Users\duynq15\.m2\repository\com\google\j2objc\j2objc-annotations\1.3\j2objc-annotations-1.3.jar;C:\Users\duynq15\.m2\repository\software\amazon\awssdk\annotations\2.15.0\annotations-2.15.0.jar;C:\Users\duynq15\.m2\repository\software\amazon\awssdk\utils\2.15.0\utils-2.15.0.jar;C:\Users\duynq15\.m2\repository\org\reactivestreams\reactive-streams\1.0.2\reactive-streams-1.0.2.jar;C:\Users\duynq15\.m2\repository\com\fasterxml\jackson\core\jackson-core\2.10.4\jackson-core-2.10.4.jar;C:\Users\duynq15\.m2\repository\com\fasterxml\jackson\core\jackson-annotations\2.10.4\jackson-annotations-2.10.4.jar;C:\Users\duynq15\.m2\repository\software\amazon\awssdk\profiles\2.15.0\profiles-2.15.0.jar;C:\Users\duynq15\.m2\repository\software\amazon\awssdk\http-client-spi\2.15.0\http-client-spi-2.15.0.jar;C:\Users\duynq15\.m2\repository\com\fasterxml\jackson\core\jackson-databind\2.10.4\jackson-databind-2.10.4.jar;C:\Users\duynq15\.m2\repository\software\amazon\eventstream\eventstream\1.0.1\eventstream-1.0.1.jar;C:\Users\duynq15\.m2\repository\software\amazon\awssdk\aws-json-protocol\2.15.0\aws-json-protocol-2.15.0.jar;C:\Users\duynq15\.m2\repository\software\amazon\awssdk\protocol-core\2.15.0\protocol-core-2.15.0.jar;C:\Users\duynq15\.m2\repository\software\amazon\awssdk\aws-core\2.15.0\aws-core-2.15.0.jar;C:\Users\duynq15\.m2\repository\software\amazon\awssdk\metrics-spi\2.15.0\metrics-spi-2.15.0.jar;C:\Users\duynq15\.m2\repository\software\amazon\awssdk\apache-client\2.15.0\apache-client-2.15.0.jar;C:\Users\duynq15\.m2\repository\org\apache\httpcomponents\httpclient\4.5.9\httpclient-4.5.9.jar;C:\Users\duynq15\.m2\repository\commons-logging\commons-logging\1.2\commons-logging-1.2.jar;C:\Users\duynq15\.m2\repository\commons-codec\commons-codec\1.11\commons-codec-1.11.jar;C:\Users\duynq15\.m2\repository\org\apache\httpcomponents\httpcore\4.4.11\httpcore-4.4.11.jar;C:\Users\duynq15\.m2\repository\software\amazon\awssdk\netty-nio-client\2.15.0\netty-nio-client-2.15.0.jar;C:\Users\duynq15\.m2\repository\io\netty\netty-codec-http\4.1.46.Final\netty-codec-http-4.1.46.Final.jar;C:\Users\duynq15\.m2\repository\io\netty\netty-codec-http2\4.1.46.Final\netty-codec-http2-4.1.46.Final.jar;C:\Users\duynq15\.m2\repository\io\netty\netty-codec\4.1.46.Final\netty-codec-4.1.46.Final.jar;C:\Users\duynq15\.m2\repository\io\netty\netty-transport\4.1.46.Final\netty-transport-4.1.46.Final.jar;C:\Users\duynq15\.m2\repository\io\netty\netty-resolver\4.1.46.Final\netty-resolver-4.1.46.Final.jar;C:\Users\duynq15\.m2\repository\io\netty\netty-common\4.1.46.Final\netty-common-4.1.46.Final.jar;C:\Users\duynq15\.m2\repository\io\netty\netty-buffer\4.1.46.Final\netty-buffer-4.1.46.Final.jar;C:\Users\duynq15\.m2\repository\io\netty\netty-handler\4.1.46.Final\netty-handler-4.1.46.Final.jar;C:\Users\duynq15\.m2\repository\io\netty\netty-transport-native-epoll\4.1.46.Final\netty-transport-native-epoll-4.1.46.Final-linux-x86_64.jar;C:\Users\duynq15\.m2\repository\io\netty\netty-transport-native-unix-common\4.1.46.Final\netty-transport-native-unix-common-4.1.46.Final.jar;C:\Users\duynq15\.m2\repository\com\typesafe\netty\netty-reactive-streams-http\2.0.4\netty-reactive-streams-http-2.0.4.jar;C:\Users\duynq15\.m2\repository\com\typesafe\netty\netty-reactive-streams\2.0.4\netty-reactive-streams-2.0.4.jar;C:\Users\duynq15\.m2\repository\org\mockito\mockito-junit-jupiter\4.0.0\mockito-junit-jupiter-4.0.0.jar;C:\Users\duynq15\.m2\repository\org\mockito\mockito-core\4.0.0\mockito-core-4.0.0.jar;C:\Users\duynq15\.m2\repository\net\bytebuddy\byte-buddy\1.11.19\byte-buddy-1.11.19.jar;C:\Users\duynq15\.m2\repository\net\bytebuddy\byte-buddy-agent\1.11.19\byte-buddy-agent-1.11.19.jar;C:\Users\duynq15\.m2\repository\org\objenesis\objenesis\3.2\objenesis-3.2.jar;C:\Users\duynq15\.m2\repository\org\junit\jupiter\junit-jupiter-api\5.7.1\junit-jupiter-api-5.7.1.jar;C:\Users\duynq15\.m2\repository\org\apiguardian\apiguardian-api\1.1.0\apiguardian-api-1.1.0.jar;C:\Users\duynq15\.m2\repository\org\opentest4j\opentest4j\1.2.0\opentest4j-1.2.0.jar;C:\Users\duynq15\.m2\repository\org\junit\platform\junit-platform-commons\1.7.1\junit-platform-commons-1.7.1.jar;C:\Users\duynq15\.m2\repository\org\junit\jupiter\junit-jupiter-engine\5.7.1\junit-jupiter-engine-5.7.1.jar;C:\Users\duynq15\.m2\repository\org\junit\platform\junit-platform-engine\1.7.1\junit-platform-engine-1.7.1.jar;C:\Users\duynq15\.m2\repository\org\junit\jupiter\junit-jupiter-params\5.7.1\junit-jupiter-params-5.7.1.jar;C:\Users\duynq15\.m2\repository\org\junit\vintage\junit-vintage-engine\5.7.0\junit-vintage-engine-5.7.0.jar;C:\Users\duynq15\.m2\repository\junit\junit\4.12\junit-4.12.jar;C:\Users\duynq15\.m2\repository\org\hamcrest\hamcrest-core\1.3\hamcrest-core-1.3.jar;C:\Users\duynq15\.m2\repository\org\apache\maven\surefire\surefire-junit-platform\3.0.0-M5\surefire-junit-platform-3.0.0-M5.jar;C:\Users\duynq15\.m2\repository\org\apache\maven\surefire\common-java5\3.0.0-M5\common-java5-3.0.0-M5.jar;C:\Users\duynq15\.m2\repository\org\junit\platform\junit-platform-launcher\1.7.1\junit-platform-launcher-1.7.1.jar"/>
    <property name="user.script" value=""/>
    <property name="sun.management.compiler" value="HotSpot 64-Bit Tiered Compilers"/>
    <property name="java.runtime.version" value="14.0.2+12-46"/>
    <property name="user.name" value="DuyNQ15"/>
    <property name="path.separator" value=";"/>
    <property name="os.version" value="10.0"/>
    <property name="java.runtime.name" value="Java(TM) SE Runtime Environment"/>
    <property name="file.encoding" value="Cp1252"/>
    <property name="java.vm.name" value="Java HotSpot(TM) 64-Bit Server VM"/>
    <property name="localRepository" value="C:\Users\duynq15\.m2\repository"/>
    <property name="java.vendor.url.bug" value="https://bugreport.java.com/bugreport/"/>
    <property name="java.io.tmpdir" value="C:\Users\duynq15\AppData\Local\Temp\"/>
    <property name="java.version" value="14.0.2"/>
    <property name="user.dir" value="D:\Course\Udacity\Java\UdaSecurity-master\catpoint-parent\security-services"/>
    <property name="os.arch" value="amd64"/>
    <property name="java.vm.specification.name" value="Java Virtual Machine Specification"/>
    <property name="sun.os.patch.level" value=""/>
    <property name="java.library.path" value="C:\Program Files\Java\jdk-14.0.2\bin;C:\Windows\Sun\Java\bin;C:\Windows\system32;C:\Windows;C:/Program Files/Java/jdk-14.0.2\bin;D:\tools\maven\apache-maven-3.9.6-bin\apache-maven-3.9.6\bin;C:\cygwin64\bin;D:\tools\python\python10\;D:\tools\python\python10\Scripts\;C:\Windows\system32;C:\Windows;C:\Windows\System32\Wbem;C:\Windows\System32\WindowsPowerShell\v1.0\;C:\Windows\System32\OpenSSH\;C:\Program Files\Intel\WiFi\bin\;C:\Program Files\Common Files\Intel\WirelessCommon\;C:\Program Files\dotnet\;C:\Program Files\Git\cmd;C:\Users\duynq15\AppData\Local\Microsoft\WindowsApps;D:\tools\Text_editor\VS_Code\Microsoft VS Code\bin;C:\compiler\gcc\mingw64\bin;;D:\tools\Intellij\IntelliJ IDEA 2023.3.3\bin;;D:\tools\Intellij\IntelliJ IDEA Community Edition 2023.3.3\bin;;."/>
    <property name="java.vm.info" value="mixed mode"/>
    <property name="java.vendor" value="Oracle Corporation"/>
    <property name="java.vm.version" value="14.0.2+12-46"/>
    <property name="sun.io.unicode.encoding" value="UnicodeLittle"/>
    <property name="java.class.version" value="58.0"/>
  </properties>
  <testcase name="armedAlarmAndActivatedSensor_AlarmStatusToPending(ArmingStatus)[1]" classname="com.udacity.catpoint.SecurityServiceTest" time="0.479">
    <error type="java.lang.reflect.InaccessibleObjectException"><![CDATA[java.lang.reflect.InaccessibleObjectException: Unable to make void com.udacity.catpoint.SecurityServiceTest.initTest() accessible: module com.udacity.catpoint does not "opens com.udacity.catpoint" to unnamed module @2254127a
]]></error>
  </testcase>
  <testcase name="armedAlarmAndActivatedSensor_AlarmStatusToPending(ArmingStatus)[2]" classname="com.udacity.catpoint.SecurityServiceTest" time="0.001">
    <error type="java.lang.reflect.InaccessibleObjectException"><![CDATA[java.lang.reflect.InaccessibleObjectException: Unable to make void com.udacity.catpoint.SecurityServiceTest.initTest() accessible: module com.udacity.catpoint does not "opens com.udacity.catpoint" to unnamed module @2254127a
]]></error>
  </testcase>
  <testcase name="armehomedSystemAndDetectCatImage_AlarmStatusToAlarm" classname="com.udacity.catpoint.SecurityServiceTest" time="0">
    <error type="java.lang.reflect.InaccessibleObjectException"><![CDATA[java.lang.reflect.InaccessibleObjectException: Unable to make void com.udacity.catpoint.SecurityServiceTest.initTest() accessible: module com.udacity.catpoint does not "opens com.udacity.catpoint" to unnamed module @2254127a
]]></error>
  </testcase>
  <testcase name="detectNoCatImageAndNotActiveSensor_AlarmStatusToNoAlarm" classname="com.udacity.catpoint.SecurityServiceTest" time="0">
    <error type="java.lang.reflect.InaccessibleObjectException"><![CDATA[java.lang.reflect.InaccessibleObjectException: Unable to make void com.udacity.catpoint.SecurityServiceTest.initTest() accessible: module com.udacity.catpoint does not "opens com.udacity.catpoint" to unnamed module @2254127a
]]></error>
  </testcase>
  <testcase name="detectCatImageAndSystemIsArmedhome_AlarmStatusToAlarm" classname="com.udacity.catpoint.SecurityServiceTest" time="0.001">
    <error type="java.lang.reflect.InaccessibleObjectException"><![CDATA[java.lang.reflect.InaccessibleObjectException: Unable to make void com.udacity.catpoint.SecurityServiceTest.initTest() accessible: module com.udacity.catpoint does not "opens com.udacity.catpoint" to unnamed module @2254127a
]]></error>
  </testcase>
  <testcase name="armedSystem_resetAllSensorsToInactive(ArmingStatus)[1]" classname="com.udacity.catpoint.SecurityServiceTest" time="0.001">
    <error type="java.lang.reflect.InaccessibleObjectException"><![CDATA[java.lang.reflect.InaccessibleObjectException: Unable to make void com.udacity.catpoint.SecurityServiceTest.initTest() accessible: module com.udacity.catpoint does not "opens com.udacity.catpoint" to unnamed module @2254127a
]]></error>
  </testcase>
  <testcase name="armedSystem_resetAllSensorsToInactive(ArmingStatus)[2]" classname="com.udacity.catpoint.SecurityServiceTest" time="0.001">
    <error type="java.lang.reflect.InaccessibleObjectException"><![CDATA[java.lang.reflect.InaccessibleObjectException: Unable to make void com.udacity.catpoint.SecurityServiceTest.initTest() accessible: module com.udacity.catpoint does not "opens com.udacity.catpoint" to unnamed module @2254127a
]]></error>
  </testcase>
  <testcase name="detivateActiveSensor_NoChangeToAlarmState" classname="com.udacity.catpoint.SecurityServiceTest" time="0.001">
    <error type="java.lang.reflect.InaccessibleObjectException"><![CDATA[java.lang.reflect.InaccessibleObjectException: Unable to make void com.udacity.catpoint.SecurityServiceTest.initTest() accessible: module com.udacity.catpoint does not "opens com.udacity.catpoint" to unnamed module @2254127a
]]></error>
  </testcase>
  <testcase name="activateActiveSensorAndPendingAlarm_AlarmStatusToAlarm(ArmingStatus)[1]" classname="com.udacity.catpoint.SecurityServiceTest" time="0.001">
    <error type="java.lang.reflect.InaccessibleObjectException"><![CDATA[java.lang.reflect.InaccessibleObjectException: Unable to make void com.udacity.catpoint.SecurityServiceTest.initTest() accessible: module com.udacity.catpoint does not "opens com.udacity.catpoint" to unnamed module @2254127a
]]></error>
  </testcase>
  <testcase name="activateActiveSensorAndPendingAlarm_AlarmStatusToAlarm(ArmingStatus)[2]" classname="com.udacity.catpoint.SecurityServiceTest" time="0.002">
    <error type="java.lang.reflect.InaccessibleObjectException"><![CDATA[java.lang.reflect.InaccessibleObjectException: Unable to make void com.udacity.catpoint.SecurityServiceTest.initTest() accessible: module com.udacity.catpoint does not "opens com.udacity.catpoint" to unnamed module @2254127a
]]></error>
  </testcase>
  <testcase name="activeAlarm_ChangeSensorStateNotAffectAlarmState(boolean)[1]" classname="com.udacity.catpoint.SecurityServiceTest" time="0.001">
    <error type="java.lang.reflect.InaccessibleObjectException"><![CDATA[java.lang.reflect.InaccessibleObjectException: Unable to make void com.udacity.catpoint.SecurityServiceTest.initTest() accessible: module com.udacity.catpoint does not "opens com.udacity.catpoint" to unnamed module @2254127a
]]></error>
  </testcase>
  <testcase name="activeAlarm_ChangeSensorStateNotAffectAlarmState(boolean)[2]" classname="com.udacity.catpoint.SecurityServiceTest" time="0.002">
    <error type="java.lang.reflect.InaccessibleObjectException"><![CDATA[java.lang.reflect.InaccessibleObjectException: Unable to make void com.udacity.catpoint.SecurityServiceTest.initTest() accessible: module com.udacity.catpoint does not "opens com.udacity.catpoint" to unnamed module @2254127a
]]></error>
  </testcase>
  <testcase name="pendingAlarmAndInactiveSensor_AlarmStatusToNoAlarm" classname="com.udacity.catpoint.SecurityServiceTest" time="0.001">
    <error type="java.lang.reflect.InaccessibleObjectException"><![CDATA[java.lang.reflect.InaccessibleObjectException: Unable to make void com.udacity.catpoint.SecurityServiceTest.initTest() accessible: module com.udacity.catpoint does not "opens com.udacity.catpoint" to unnamed module @2254127a
]]></error>
  </testcase>
  <testcase name="disarmedSystem_AlarmStatusToNoAlarm" classname="com.udacity.catpoint.SecurityServiceTest" time="0">
    <error type="java.lang.reflect.InaccessibleObjectException"><![CDATA[java.lang.reflect.InaccessibleObjectException: Unable to make void com.udacity.catpoint.SecurityServiceTest.initTest() accessible: module com.udacity.catpoint does not "opens com.udacity.catpoint" to unnamed module @2254127a
]]></error>
  </testcase>
  <testcase name="armedAlarmAndActivatedSensorAndPendingAlarmStatus_AlarmStatusToAlarm(ArmingStatus)[1]" classname="com.udacity.catpoint.SecurityServiceTest" time="0.002">
    <error type="java.lang.reflect.InaccessibleObjectException"><![CDATA[java.lang.reflect.InaccessibleObjectException: Unable to make void com.udacity.catpoint.SecurityServiceTest.initTest() accessible: module com.udacity.catpoint does not "opens com.udacity.catpoint" to unnamed module @2254127a
]]></error>
  </testcase>
  <testcase name="armedAlarmAndActivatedSensorAndPendingAlarmStatus_AlarmStatusToAlarm(ArmingStatus)[2]" classname="com.udacity.catpoint.SecurityServiceTest" time="0.002">
    <error type="java.lang.reflect.InaccessibleObjectException"><![CDATA[java.lang.reflect.InaccessibleObjectException: Unable to make void com.udacity.catpoint.SecurityServiceTest.initTest() accessible: module com.udacity.catpoint does not "opens com.udacity.catpoint" to unnamed module @2254127a
]]></error>
  </testcase>
</testsuite>