<?xml version="1.0" encoding="UTF-8"?>
<testsuite xmlns:xsi="http://www.w3.org/2001/XMLSchema-instance" xsi:noNamespaceSchemaLocation="https://maven.apache.org/surefire/maven-surefire-plugin/xsd/surefire-test-report-3.0.xsd" version="3.0" name="com.udacity.catpoint.security.SecurityServiceTest" time="1.516" tests="19" errors="0" skipped="0" failures="0">
  <properties>
    <property name="java.specification.version" value="14"/>
    <property name="sun.cpu.isalist" value="amd64"/>
    <property name="sun.jnu.encoding" value="Cp1252"/>
    <property name="java.class.path" value="D:\Learning\Udacity\Java_Programming\UdaSecurity-master\catpoint-parent\security-services\target\test-classes;C:\Users\Nguyen Quang Duy\.m2\repository\com\google\guava\failureaccess\1.0.1\failureaccess-1.0.1.jar;C:\Users\Nguyen Quang Duy\.m2\repository\com\google\guava\listenablefuture\9999.0-empty-to-avoid-conflict-with-guava\listenablefuture-9999.0-empty-to-avoid-conflict-with-guava.jar;C:\Users\Nguyen Quang Duy\.m2\repository\com\google\code\findbugs\jsr305\3.0.2\jsr305-3.0.2.jar;C:\Users\Nguyen Quang Duy\.m2\repository\org\checkerframework\checker-qual\2.11.1\checker-qual-2.11.1.jar;C:\Users\Nguyen Quang Duy\.m2\repository\com\google\errorprone\error_prone_annotations\2.3.4\error_prone_annotations-2.3.4.jar;C:\Users\Nguyen Quang Duy\.m2\repository\com\google\j2objc\j2objc-annotations\1.3\j2objc-annotations-1.3.jar;C:\Users\Nguyen Quang Duy\.m2\repository\software\amazon\awssdk\annotations\2.15.0\annotations-2.15.0.jar;C:\Users\Nguyen Quang Duy\.m2\repository\software\amazon\awssdk\utils\2.15.0\utils-2.15.0.jar;C:\Users\Nguyen Quang Duy\.m2\repository\org\reactivestreams\reactive-streams\1.0.2\reactive-streams-1.0.2.jar;C:\Users\Nguyen Quang Duy\.m2\repository\com\fasterxml\jackson\core\jackson-core\2.10.4\jackson-core-2.10.4.jar;C:\Users\Nguyen Quang Duy\.m2\repository\com\fasterxml\jackson\core\jackson-annotations\2.10.4\jackson-annotations-2.10.4.jar;C:\Users\Nguyen Quang Duy\.m2\repository\software\amazon\awssdk\profiles\2.15.0\profiles-2.15.0.jar;C:\Users\Nguyen Quang Duy\.m2\repository\software\amazon\awssdk\http-client-spi\2.15.0\http-client-spi-2.15.0.jar;C:\Users\Nguyen Quang Duy\.m2\repository\com\fasterxml\jackson\core\jackson-databind\2.10.4\jackson-databind-2.10.4.jar;C:\Users\Nguyen Quang Duy\.m2\repository\software\amazon\eventstream\eventstream\1.0.1\eventstream-1.0.1.jar;C:\Users\Nguyen Quang Duy\.m2\repository\software\amazon\awssdk\aws-json-protocol\2.15.0\aws-json-protocol-2.15.0.jar;C:\Users\Nguyen Quang Duy\.m2\repository\software\amazon\awssdk\protocol-core\2.15.0\protocol-core-2.15.0.jar;C:\Users\Nguyen Quang Duy\.m2\repository\software\amazon\awssdk\aws-core\2.15.0\aws-core-2.15.0.jar;C:\Users\Nguyen Quang Duy\.m2\repository\software\amazon\awssdk\metrics-spi\2.15.0\metrics-spi-2.15.0.jar;C:\Users\Nguyen Quang Duy\.m2\repository\software\amazon\awssdk\apache-client\2.15.0\apache-client-2.15.0.jar;C:\Users\Nguyen Quang Duy\.m2\repository\org\apache\httpcomponents\httpclient\4.5.9\httpclient-4.5.9.jar;C:\Users\Nguyen Quang Duy\.m2\repository\commons-logging\commons-logging\1.2\commons-logging-1.2.jar;C:\Users\Nguyen Quang Duy\.m2\repository\commons-codec\commons-codec\1.11\commons-codec-1.11.jar;C:\Users\Nguyen Quang Duy\.m2\repository\org\apache\httpcomponents\httpcore\4.4.11\httpcore-4.4.11.jar;C:\Users\Nguyen Quang Duy\.m2\repository\software\amazon\awssdk\netty-nio-client\2.15.0\netty-nio-client-2.15.0.jar;C:\Users\Nguyen Quang Duy\.m2\repository\io\netty\netty-codec-http\4.1.46.Final\netty-codec-http-4.1.46.Final.jar;C:\Users\Nguyen Quang Duy\.m2\repository\io\netty\netty-codec-http2\4.1.46.Final\netty-codec-http2-4.1.46.Final.jar;C:\Users\Nguyen Quang Duy\.m2\repository\io\netty\netty-codec\4.1.46.Final\netty-codec-4.1.46.Final.jar;C:\Users\Nguyen Quang Duy\.m2\repository\io\netty\netty-transport\4.1.46.Final\netty-transport-4.1.46.Final.jar;C:\Users\Nguyen Quang Duy\.m2\repository\io\netty\netty-resolver\4.1.46.Final\netty-resolver-4.1.46.Final.jar;C:\Users\Nguyen Quang Duy\.m2\repository\io\netty\netty-common\4.1.46.Final\netty-common-4.1.46.Final.jar;C:\Users\Nguyen Quang Duy\.m2\repository\io\netty\netty-buffer\4.1.46.Final\netty-buffer-4.1.46.Final.jar;C:\Users\Nguyen Quang Duy\.m2\repository\io\netty\netty-handler\4.1.46.Final\netty-handler-4.1.46.Final.jar;C:\Users\Nguyen Quang Duy\.m2\repository\io\netty\netty-transport-native-epoll\4.1.46.Final\netty-transport-native-epoll-4.1.46.Final-linux-x86_64.jar;C:\Users\Nguyen Quang Duy\.m2\repository\io\netty\netty-transport-native-unix-common\4.1.46.Final\netty-transport-native-unix-common-4.1.46.Final.jar;C:\Users\Nguyen Quang Duy\.m2\repository\com\typesafe\netty\netty-reactive-streams-http\2.0.4\netty-reactive-streams-http-2.0.4.jar;C:\Users\Nguyen Quang Duy\.m2\repository\com\typesafe\netty\netty-reactive-streams\2.0.4\netty-reactive-streams-2.0.4.jar;C:\Users\Nguyen Quang Duy\.m2\repository\org\mockito\mockito-junit-jupiter\4.0.0\mockito-junit-jupiter-4.0.0.jar;C:\Users\Nguyen Quang Duy\.m2\repository\org\mockito\mockito-core\4.0.0\mockito-core-4.0.0.jar;C:\Users\Nguyen Quang Duy\.m2\repository\net\bytebuddy\byte-buddy\1.11.19\byte-buddy-1.11.19.jar;C:\Users\Nguyen Quang Duy\.m2\repository\net\bytebuddy\byte-buddy-agent\1.11.19\byte-buddy-agent-1.11.19.jar;C:\Users\Nguyen Quang Duy\.m2\repository\org\objenesis\objenesis\3.2\objenesis-3.2.jar;C:\Users\Nguyen Quang Duy\.m2\repository\org\junit\jupiter\junit-jupiter-api\5.7.1\junit-jupiter-api-5.7.1.jar;C:\Users\Nguyen Quang Duy\.m2\repository\org\apiguardian\apiguardian-api\1.1.0\apiguardian-api-1.1.0.jar;C:\Users\Nguyen Quang Duy\.m2\repository\org\opentest4j\opentest4j\1.2.0\opentest4j-1.2.0.jar;C:\Users\Nguyen Quang Duy\.m2\repository\org\junit\platform\junit-platform-commons\1.7.1\junit-platform-commons-1.7.1.jar;C:\Users\Nguyen Quang Duy\.m2\repository\org\junit\jupiter\junit-jupiter-engine\5.7.1\junit-jupiter-engine-5.7.1.jar;C:\Users\Nguyen Quang Duy\.m2\repository\org\junit\platform\junit-platform-engine\1.7.1\junit-platform-engine-1.7.1.jar;C:\Users\Nguyen Quang Duy\.m2\repository\org\junit\jupiter\junit-jupiter-params\5.7.1\junit-jupiter-params-5.7.1.jar;C:\Users\Nguyen Quang Duy\.m2\repository\org\junit\vintage\junit-vintage-engine\5.7.0\junit-vintage-engine-5.7.0.jar;C:\Users\Nguyen Quang Duy\.m2\repository\junit\junit\4.12\junit-4.12.jar;C:\Users\Nguyen Quang Duy\.m2\repository\org\hamcrest\hamcrest-core\1.3\hamcrest-core-1.3.jar;C:\Users\Nguyen Quang Duy\.m2\repository\javax\annotation\javax.annotation-api\1.3.2\javax.annotation-api-1.3.2.jar;"/>
    <property name="java.vm.vendor" value="Oracle Corporation"/>
    <property name="sun.arch.data.model" value="64"/>
    <property name="user.variant" value=""/>
    <property name="java.vendor.url" value="https://java.oracle.com/"/>
    <property name="user.timezone" value="Asia/Bangkok"/>
    <property name="os.name" value="Windows 10"/>
    <property name="java.vm.specification.version" value="14"/>
    <property name="sun.java.launcher" value="SUN_STANDARD"/>
    <property name="user.country" value="US"/>
    <property name="sun.boot.library.path" value="C:\Program Files\Java\jdk-14.0.2\bin"/>
    <property name="sun.java.command" value="org.apache.maven.surefire.booter.ForkedBooter C:\Users\Nguyen Quang Duy\AppData\Local\Temp\surefire17551538126567669227 2024-05-12T20-19-46_709-jvmRun1 surefire1943515422995618147tmp surefire_015376707630259435216tmp"/>
    <property name="jdk.debug" value="release"/>
    <property name="surefire.test.class.path" value="D:\Learning\Udacity\Java_Programming\UdaSecurity-master\catpoint-parent\security-services\target\test-classes;C:\Users\Nguyen Quang Duy\.m2\repository\com\google\guava\failureaccess\1.0.1\failureaccess-1.0.1.jar;C:\Users\Nguyen Quang Duy\.m2\repository\com\google\guava\listenablefuture\9999.0-empty-to-avoid-conflict-with-guava\listenablefuture-9999.0-empty-to-avoid-conflict-with-guava.jar;C:\Users\Nguyen Quang Duy\.m2\repository\com\google\code\findbugs\jsr305\3.0.2\jsr305-3.0.2.jar;C:\Users\Nguyen Quang Duy\.m2\repository\org\checkerframework\checker-qual\2.11.1\checker-qual-2.11.1.jar;C:\Users\Nguyen Quang Duy\.m2\repository\com\google\errorprone\error_prone_annotations\2.3.4\error_prone_annotations-2.3.4.jar;C:\Users\Nguyen Quang Duy\.m2\repository\com\google\j2objc\j2objc-annotations\1.3\j2objc-annotations-1.3.jar;C:\Users\Nguyen Quang Duy\.m2\repository\software\amazon\awssdk\annotations\2.15.0\annotations-2.15.0.jar;C:\Users\Nguyen Quang Duy\.m2\repository\software\amazon\awssdk\utils\2.15.0\utils-2.15.0.jar;C:\Users\Nguyen Quang Duy\.m2\repository\org\reactivestreams\reactive-streams\1.0.2\reactive-streams-1.0.2.jar;C:\Users\Nguyen Quang Duy\.m2\repository\com\fasterxml\jackson\core\jackson-core\2.10.4\jackson-core-2.10.4.jar;C:\Users\Nguyen Quang Duy\.m2\repository\com\fasterxml\jackson\core\jackson-annotations\2.10.4\jackson-annotations-2.10.4.jar;C:\Users\Nguyen Quang Duy\.m2\repository\software\amazon\awssdk\profiles\2.15.0\profiles-2.15.0.jar;C:\Users\Nguyen Quang Duy\.m2\repository\software\amazon\awssdk\http-client-spi\2.15.0\http-client-spi-2.15.0.jar;C:\Users\Nguyen Quang Duy\.m2\repository\com\fasterxml\jackson\core\jackson-databind\2.10.4\jackson-databind-2.10.4.jar;C:\Users\Nguyen Quang Duy\.m2\repository\software\amazon\eventstream\eventstream\1.0.1\eventstream-1.0.1.jar;C:\Users\Nguyen Quang Duy\.m2\repository\software\amazon\awssdk\aws-json-protocol\2.15.0\aws-json-protocol-2.15.0.jar;C:\Users\Nguyen Quang Duy\.m2\repository\software\amazon\awssdk\protocol-core\2.15.0\protocol-core-2.15.0.jar;C:\Users\Nguyen Quang Duy\.m2\repository\software\amazon\awssdk\aws-core\2.15.0\aws-core-2.15.0.jar;C:\Users\Nguyen Quang Duy\.m2\repository\software\amazon\awssdk\metrics-spi\2.15.0\metrics-spi-2.15.0.jar;C:\Users\Nguyen Quang Duy\.m2\repository\software\amazon\awssdk\apache-client\2.15.0\apache-client-2.15.0.jar;C:\Users\Nguyen Quang Duy\.m2\repository\org\apache\httpcomponents\httpclient\4.5.9\httpclient-4.5.9.jar;C:\Users\Nguyen Quang Duy\.m2\repository\commons-logging\commons-logging\1.2\commons-logging-1.2.jar;C:\Users\Nguyen Quang Duy\.m2\repository\commons-codec\commons-codec\1.11\commons-codec-1.11.jar;C:\Users\Nguyen Quang Duy\.m2\repository\org\apache\httpcomponents\httpcore\4.4.11\httpcore-4.4.11.jar;C:\Users\Nguyen Quang Duy\.m2\repository\software\amazon\awssdk\netty-nio-client\2.15.0\netty-nio-client-2.15.0.jar;C:\Users\Nguyen Quang Duy\.m2\repository\io\netty\netty-codec-http\4.1.46.Final\netty-codec-http-4.1.46.Final.jar;C:\Users\Nguyen Quang Duy\.m2\repository\io\netty\netty-codec-http2\4.1.46.Final\netty-codec-http2-4.1.46.Final.jar;C:\Users\Nguyen Quang Duy\.m2\repository\io\netty\netty-codec\4.1.46.Final\netty-codec-4.1.46.Final.jar;C:\Users\Nguyen Quang Duy\.m2\repository\io\netty\netty-transport\4.1.46.Final\netty-transport-4.1.46.Final.jar;C:\Users\Nguyen Quang Duy\.m2\repository\io\netty\netty-resolver\4.1.46.Final\netty-resolver-4.1.46.Final.jar;C:\Users\Nguyen Quang Duy\.m2\repository\io\netty\netty-common\4.1.46.Final\netty-common-4.1.46.Final.jar;C:\Users\Nguyen Quang Duy\.m2\repository\io\netty\netty-buffer\4.1.46.Final\netty-buffer-4.1.46.Final.jar;C:\Users\Nguyen Quang Duy\.m2\repository\io\netty\netty-handler\4.1.46.Final\netty-handler-4.1.46.Final.jar;C:\Users\Nguyen Quang Duy\.m2\repository\io\netty\netty-transport-native-epoll\4.1.46.Final\netty-transport-native-epoll-4.1.46.Final-linux-x86_64.jar;C:\Users\Nguyen Quang Duy\.m2\repository\io\netty\netty-transport-native-unix-common\4.1.46.Final\netty-transport-native-unix-common-4.1.46.Final.jar;C:\Users\Nguyen Quang Duy\.m2\repository\com\typesafe\netty\netty-reactive-streams-http\2.0.4\netty-reactive-streams-http-2.0.4.jar;C:\Users\Nguyen Quang Duy\.m2\repository\com\typesafe\netty\netty-reactive-streams\2.0.4\netty-reactive-streams-2.0.4.jar;C:\Users\Nguyen Quang Duy\.m2\repository\org\mockito\mockito-junit-jupiter\4.0.0\mockito-junit-jupiter-4.0.0.jar;C:\Users\Nguyen Quang Duy\.m2\repository\org\mockito\mockito-core\4.0.0\mockito-core-4.0.0.jar;C:\Users\Nguyen Quang Duy\.m2\repository\net\bytebuddy\byte-buddy\1.11.19\byte-buddy-1.11.19.jar;C:\Users\Nguyen Quang Duy\.m2\repository\net\bytebuddy\byte-buddy-agent\1.11.19\byte-buddy-agent-1.11.19.jar;C:\Users\Nguyen Quang Duy\.m2\repository\org\objenesis\objenesis\3.2\objenesis-3.2.jar;C:\Users\Nguyen Quang Duy\.m2\repository\org\junit\jupiter\junit-jupiter-api\5.7.1\junit-jupiter-api-5.7.1.jar;C:\Users\Nguyen Quang Duy\.m2\repository\org\apiguardian\apiguardian-api\1.1.0\apiguardian-api-1.1.0.jar;C:\Users\Nguyen Quang Duy\.m2\repository\org\opentest4j\opentest4j\1.2.0\opentest4j-1.2.0.jar;C:\Users\Nguyen Quang Duy\.m2\repository\org\junit\platform\junit-platform-commons\1.7.1\junit-platform-commons-1.7.1.jar;C:\Users\Nguyen Quang Duy\.m2\repository\org\junit\jupiter\junit-jupiter-engine\5.7.1\junit-jupiter-engine-5.7.1.jar;C:\Users\Nguyen Quang Duy\.m2\repository\org\junit\platform\junit-platform-engine\1.7.1\junit-platform-engine-1.7.1.jar;C:\Users\Nguyen Quang Duy\.m2\repository\org\junit\jupiter\junit-jupiter-params\5.7.1\junit-jupiter-params-5.7.1.jar;C:\Users\Nguyen Quang Duy\.m2\repository\org\junit\vintage\junit-vintage-engine\5.7.0\junit-vintage-engine-5.7.0.jar;C:\Users\Nguyen Quang Duy\.m2\repository\junit\junit\4.12\junit-4.12.jar;C:\Users\Nguyen Quang Duy\.m2\repository\org\hamcrest\hamcrest-core\1.3\hamcrest-core-1.3.jar;C:\Users\Nguyen Quang Duy\.m2\repository\javax\annotation\javax.annotation-api\1.3.2\javax.annotation-api-1.3.2.jar;"/>
    <property name="sun.cpu.endian" value="little"/>
    <property name="user.home" value="C:\Users\Nguyen Quang Duy"/>
    <property name="user.language" value="en"/>
    <property name="java.specification.vendor" value="Oracle Corporation"/>
    <property name="jdk.module.path" value="D:\Learning\Udacity\Java_Programming\UdaSecurity-master\catpoint-parent\security-services\target\classes;C:\Users\Nguyen Quang Duy\.m2\repository\com\miglayout\miglayout\3.7.3\miglayout-3.7.3.jar;C:\Users\Nguyen Quang Duy\.m2\repository\com\google\guava\guava\29.0-jre\guava-29.0-jre.jar;C:\Users\Nguyen Quang Duy\.m2\repository\com\google\code\gson\gson\2.8.6\gson-2.8.6.jar;D:\Learning\Udacity\Java_Programming\UdaSecurity-master\catpoint-parent\image-service\target\image-service-1.0-SNAPSHOT.jar;C:\Users\Nguyen Quang Duy\.m2\repository\org\slf4j\slf4j-api\2.0.13\slf4j-api-2.0.13.jar;C:\Users\Nguyen Quang Duy\.m2\repository\software\amazon\awssdk\auth\2.15.0\auth-2.15.0.jar;C:\Users\Nguyen Quang Duy\.m2\repository\software\amazon\awssdk\sdk-core\2.15.0\sdk-core-2.15.0.jar;C:\Users\Nguyen Quang Duy\.m2\repository\software\amazon\awssdk\regions\2.15.0\regions-2.15.0.jar;C:\Users\Nguyen Quang Duy\.m2\repository\software\amazon\awssdk\rekognition\2.15.0\rekognition-2.15.0.jar"/>
    <property name="java.version.date" value="2020-07-14"/>
    <property name="java.home" value="C:\Program Files\Java\jdk-14.0.2"/>
    <property name="file.separator" value="\"/>
    <property name="basedir" value="D:\Learning\Udacity\Java_Programming\UdaSecurity-master\catpoint-parent\security-services"/>
    <property name="java.vm.compressedOopsMode" value="32-bit"/>
    <property name="line.separator" value="&#10;"/>
    <property name="java.vm.specification.vendor" value="Oracle Corporation"/>
    <property name="java.specification.name" value="Java Platform API Specification"/>
    <property name="surefire.real.class.path" value="C:\Users\Nguyen Quang Duy\.m2\repository\org\apache\maven\surefire\surefire-booter\3.0.0-M5\surefire-booter-3.0.0-M5.jar;C:\Users\Nguyen Quang Duy\.m2\repository\org\apache\maven\surefire\surefire-api\3.0.0-M5\surefire-api-3.0.0-M5.jar;C:\Users\Nguyen Quang Duy\.m2\repository\org\apache\maven\surefire\surefire-logger-api\3.0.0-M5\surefire-logger-api-3.0.0-M5.jar;C:\Users\Nguyen Quang Duy\.m2\repository\org\apache\maven\surefire\surefire-shared-utils\3.0.0-M4\surefire-shared-utils-3.0.0-M4.jar;C:\Users\Nguyen Quang Duy\.m2\repository\org\apache\maven\surefire\surefire-extensions-spi\3.0.0-M5\surefire-extensions-spi-3.0.0-M5.jar;D:\Learning\Udacity\Java_Programming\UdaSecurity-master\catpoint-parent\security-services\target\test-classes;C:\Users\Nguyen Quang Duy\.m2\repository\com\google\guava\failureaccess\1.0.1\failureaccess-1.0.1.jar;C:\Users\Nguyen Quang Duy\.m2\repository\com\google\guava\listenablefuture\9999.0-empty-to-avoid-conflict-with-guava\listenablefuture-9999.0-empty-to-avoid-conflict-with-guava.jar;C:\Users\Nguyen Quang Duy\.m2\repository\com\google\code\findbugs\jsr305\3.0.2\jsr305-3.0.2.jar;C:\Users\Nguyen Quang Duy\.m2\repository\org\checkerframework\checker-qual\2.11.1\checker-qual-2.11.1.jar;C:\Users\Nguyen Quang Duy\.m2\repository\com\google\errorprone\error_prone_annotations\2.3.4\error_prone_annotations-2.3.4.jar;C:\Users\Nguyen Quang Duy\.m2\repository\com\google\j2objc\j2objc-annotations\1.3\j2objc-annotations-1.3.jar;C:\Users\Nguyen Quang Duy\.m2\repository\software\amazon\awssdk\annotations\2.15.0\annotations-2.15.0.jar;C:\Users\Nguyen Quang Duy\.m2\repository\software\amazon\awssdk\utils\2.15.0\utils-2.15.0.jar;C:\Users\Nguyen Quang Duy\.m2\repository\org\reactivestreams\reactive-streams\1.0.2\reactive-streams-1.0.2.jar;C:\Users\Nguyen Quang Duy\.m2\repository\com\fasterxml\jackson\core\jackson-core\2.10.4\jackson-core-2.10.4.jar;C:\Users\Nguyen Quang Duy\.m2\repository\com\fasterxml\jackson\core\jackson-annotations\2.10.4\jackson-annotations-2.10.4.jar;C:\Users\Nguyen Quang Duy\.m2\repository\software\amazon\awssdk\profiles\2.15.0\profiles-2.15.0.jar;C:\Users\Nguyen Quang Duy\.m2\repository\software\amazon\awssdk\http-client-spi\2.15.0\http-client-spi-2.15.0.jar;C:\Users\Nguyen Quang Duy\.m2\repository\com\fasterxml\jackson\core\jackson-databind\2.10.4\jackson-databind-2.10.4.jar;C:\Users\Nguyen Quang Duy\.m2\repository\software\amazon\eventstream\eventstream\1.0.1\eventstream-1.0.1.jar;C:\Users\Nguyen Quang Duy\.m2\repository\software\amazon\awssdk\aws-json-protocol\2.15.0\aws-json-protocol-2.15.0.jar;C:\Users\Nguyen Quang Duy\.m2\repository\software\amazon\awssdk\protocol-core\2.15.0\protocol-core-2.15.0.jar;C:\Users\Nguyen Quang Duy\.m2\repository\software\amazon\awssdk\aws-core\2.15.0\aws-core-2.15.0.jar;C:\Users\Nguyen Quang Duy\.m2\repository\software\amazon\awssdk\metrics-spi\2.15.0\metrics-spi-2.15.0.jar;C:\Users\Nguyen Quang Duy\.m2\repository\software\amazon\awssdk\apache-client\2.15.0\apache-client-2.15.0.jar;C:\Users\Nguyen Quang Duy\.m2\repository\org\apache\httpcomponents\httpclient\4.5.9\httpclient-4.5.9.jar;C:\Users\Nguyen Quang Duy\.m2\repository\commons-logging\commons-logging\1.2\commons-logging-1.2.jar;C:\Users\Nguyen Quang Duy\.m2\repository\commons-codec\commons-codec\1.11\commons-codec-1.11.jar;C:\Users\Nguyen Quang Duy\.m2\repository\org\apache\httpcomponents\httpcore\4.4.11\httpcore-4.4.11.jar;C:\Users\Nguyen Quang Duy\.m2\repository\software\amazon\awssdk\netty-nio-client\2.15.0\netty-nio-client-2.15.0.jar;C:\Users\Nguyen Quang Duy\.m2\repository\io\netty\netty-codec-http\4.1.46.Final\netty-codec-http-4.1.46.Final.jar;C:\Users\Nguyen Quang Duy\.m2\repository\io\netty\netty-codec-http2\4.1.46.Final\netty-codec-http2-4.1.46.Final.jar;C:\Users\Nguyen Quang Duy\.m2\repository\io\netty\netty-codec\4.1.46.Final\netty-codec-4.1.46.Final.jar;C:\Users\Nguyen Quang Duy\.m2\repository\io\netty\netty-transport\4.1.46.Final\netty-transport-4.1.46.Final.jar;C:\Users\Nguyen Quang Duy\.m2\repository\io\netty\netty-resolver\4.1.46.Final\netty-resolver-4.1.46.Final.jar;C:\Users\Nguyen Quang Duy\.m2\repository\io\netty\netty-common\4.1.46.Final\netty-common-4.1.46.Final.jar;C:\Users\Nguyen Quang Duy\.m2\repository\io\netty\netty-buffer\4.1.46.Final\netty-buffer-4.1.46.Final.jar;C:\Users\Nguyen Quang Duy\.m2\repository\io\netty\netty-handler\4.1.46.Final\netty-handler-4.1.46.Final.jar;C:\Users\Nguyen Quang Duy\.m2\repository\io\netty\netty-transport-native-epoll\4.1.46.Final\netty-transport-native-epoll-4.1.46.Final-linux-x86_64.jar;C:\Users\Nguyen Quang Duy\.m2\repository\io\netty\netty-transport-native-unix-common\4.1.46.Final\netty-transport-native-unix-common-4.1.46.Final.jar;C:\Users\Nguyen Quang Duy\.m2\repository\com\typesafe\netty\netty-reactive-streams-http\2.0.4\netty-reactive-streams-http-2.0.4.jar;C:\Users\Nguyen Quang Duy\.m2\repository\com\typesafe\netty\netty-reactive-streams\2.0.4\netty-reactive-streams-2.0.4.jar;C:\Users\Nguyen Quang Duy\.m2\repository\org\mockito\mockito-junit-jupiter\4.0.0\mockito-junit-jupiter-4.0.0.jar;C:\Users\Nguyen Quang Duy\.m2\repository\org\mockito\mockito-core\4.0.0\mockito-core-4.0.0.jar;C:\Users\Nguyen Quang Duy\.m2\repository\net\bytebuddy\byte-buddy\1.11.19\byte-buddy-1.11.19.jar;C:\Users\Nguyen Quang Duy\.m2\repository\net\bytebuddy\byte-buddy-agent\1.11.19\byte-buddy-agent-1.11.19.jar;C:\Users\Nguyen Quang Duy\.m2\repository\org\objenesis\objenesis\3.2\objenesis-3.2.jar;C:\Users\Nguyen Quang Duy\.m2\repository\org\junit\jupiter\junit-jupiter-api\5.7.1\junit-jupiter-api-5.7.1.jar;C:\Users\Nguyen Quang Duy\.m2\repository\org\apiguardian\apiguardian-api\1.1.0\apiguardian-api-1.1.0.jar;C:\Users\Nguyen Quang Duy\.m2\repository\org\opentest4j\opentest4j\1.2.0\opentest4j-1.2.0.jar;C:\Users\Nguyen Quang Duy\.m2\repository\org\junit\platform\junit-platform-commons\1.7.1\junit-platform-commons-1.7.1.jar;C:\Users\Nguyen Quang Duy\.m2\repository\org\junit\jupiter\junit-jupiter-engine\5.7.1\junit-jupiter-engine-5.7.1.jar;C:\Users\Nguyen Quang Duy\.m2\repository\org\junit\platform\junit-platform-engine\1.7.1\junit-platform-engine-1.7.1.jar;C:\Users\Nguyen Quang Duy\.m2\repository\org\junit\jupiter\junit-jupiter-params\5.7.1\junit-jupiter-params-5.7.1.jar;C:\Users\Nguyen Quang Duy\.m2\repository\org\junit\vintage\junit-vintage-engine\5.7.0\junit-vintage-engine-5.7.0.jar;C:\Users\Nguyen Quang Duy\.m2\repository\junit\junit\4.12\junit-4.12.jar;C:\Users\Nguyen Quang Duy\.m2\repository\org\hamcrest\hamcrest-core\1.3\hamcrest-core-1.3.jar;C:\Users\Nguyen Quang Duy\.m2\repository\javax\annotation\javax.annotation-api\1.3.2\javax.annotation-api-1.3.2.jar;C:\Users\Nguyen Quang Duy\.m2\repository\org\apache\maven\surefire\surefire-junit-platform\3.0.0-M5\surefire-junit-platform-3.0.0-M5.jar;C:\Users\Nguyen Quang Duy\.m2\repository\org\apache\maven\surefire\common-java5\3.0.0-M5\common-java5-3.0.0-M5.jar;C:\Users\Nguyen Quang Duy\.m2\repository\org\junit\platform\junit-platform-launcher\1.7.1\junit-platform-launcher-1.7.1.jar"/>
    <property name="user.script" value=""/>
    <property name="sun.management.compiler" value="HotSpot 64-Bit Tiered Compilers"/>
    <property name="java.runtime.version" value="14.0.2+12-46"/>
    <property name="user.name" value="Nguyen Quang Duy"/>
    <property name="path.separator" value=";"/>
    <property name="os.version" value="10.0"/>
    <property name="java.runtime.name" value="Java(TM) SE Runtime Environment"/>
    <property name="file.encoding" value="Cp1252"/>
    <property name="java.vm.name" value="Java HotSpot(TM) 64-Bit Server VM"/>
    <property name="localRepository" value="C:\Users\Nguyen Quang Duy\.m2\repository"/>
    <property name="java.vendor.url.bug" value="https://bugreport.java.com/bugreport/"/>
    <property name="java.io.tmpdir" value="C:\Users\NGUYEN~1\AppData\Local\Temp\"/>
    <property name="java.version" value="14.0.2"/>
    <property name="user.dir" value="D:\Learning\Udacity\Java_Programming\UdaSecurity-master\catpoint-parent\security-services"/>
    <property name="os.arch" value="amd64"/>
    <property name="java.vm.specification.name" value="Java Virtual Machine Specification"/>
    <property name="sun.os.patch.level" value=""/>
    <property name="java.library.path" value="C:\Program Files\Java\jdk-14.0.2\bin;C:\WINDOWS\Sun\Java\bin;C:\WINDOWS\system32;C:\WINDOWS;C:\WINDOWS\system32;D:\tools\Java\bin;%MAVEN_HOME%\bin;C:\WINDOWS;C:\WINDOWS\System32\Wbem;C:\WINDOWS\System32\WindowsPowerShell\v1.0\;C:\WINDOWS\System32\OpenSSH\;E:\MATLAB\R2018a\runtime\win64;E:\MATLAB\R2018a\bin;C:\Program Files (x86)\mingw-w64\i686-8.1.0-posix-dwarf-rt_v6-rev0\mingw32\bin;C:\myWebProject\mysql-8.0.22-winx64\bin;C:\Program Files\Microsoft SQL Server\Client SDK\ODBC\170\Tools\Binn\;C:\Program Files (x86)\Microsoft SQL Server\150\Tools\Binn\;C:\Program Files\Microsoft SQL Server\150\Tools\Binn\;C:\Program Files\Microsoft SQL Server\150\DTS\Binn\;C:\Program Files\Azure Data Studio\bin;D:\VSCode\Microsoft VS Code\bin;C:\Program Files (x86)\dotnet\;C:\Program Files\VisualSVN Server\bin;C:\WINDOWS\system32;D:\tools\Java\bin;C:\WINDOWS;C:\WINDOWS\System32\Wbem;C:\WINDOWS\System32\WindowsPowerShell\v1.0\;C:\WINDOWS\System32\OpenSSH\;E:\MATLAB\R2018a\runtime\win64;E:\MATLAB\R2018a\bin;C:\Program Files (x86)\mingw-w64\i686-8.1.0-posix-dwarf-rt_v6-rev0\mingw32\bin;C:\myWebProject\mysql-8.0.22-winx64\bin;C:\Program Files\Microsoft SQL Server\Client SDK\ODBC\170\Tools\Binn\;C:\Program Files (x86)\Microsoft SQL Server\150\Tools\Binn\;C:\Program Files\Microsoft SQL Server\150\Tools\Binn\;C:\Program Files\Microsoft SQL Server\150\DTS\Binn\;C:\Program Files\Azure Data Studio\bin;D:\VSCode\Microsoft VS Code\bin;C:\Program Files (x86)\dotnet\;C:\Program Files\VisualSVN Server\bin;C:\WINDOWS\system32;D:\tools\Java\bin;C:\WINDOWS;C:\WINDOWS\System32\Wbem;C:\WINDOWS\System32\WindowsPowerShell\v1.0\;C:\WINDOWS\System32\OpenSSH\;E:\MATLAB\R2018a\runtime\win64;E:\MATLAB\R2018a\bin;C:\Program Files (x86)\mingw-w64\i686-8.1.0-posix-dwarf-rt_v6-rev0\mingw32\bin;C:\myWebProject\mysql-8.0.22-winx64\bin;C:\Program Files\Microsoft SQL Server\Client SDK\ODBC\170\Tools\Binn\;C:\Program Files (x86)\Microsoft SQL Server\150\Tools\Binn\;C:\Program Files\Microsoft SQL Server\150\Tools\Binn\;C:\Program Files\Microsoft SQL Server\150\DTS\Binn\;C:\Program Files\Azure Data Studio\bin;D:\VSCode\Microsoft VS Code\bin;C:\Program Files (x86)\dotnet\;C:\Program Files\VisualSVN Server\bin;C:\WINDOWS\System32\C:\Program Files\CMake\bin;D:\Web\php;C:\Program Files\dotnet\;D:\Git\cmd;D:\tools\maven\apache-maven-3.9.6\bin;\C:\Program Files\CMake\bin;D:\Web\php;C:\Program Files\dotnet\;D:\Git\cmd;D:\tools\maven\apache-maven-3.9.6\bin;\C:\Program Files\CMake\bin;D:\Web\php;C:\Program Files\dotnet\;D:\Git\cmd;D:\python\Scripts\;D:\python\;C:\Users\Nguyen Quang Duy\AppData\Local\Microsoft\WindowsApps;C:\Program Files (x86)\mingw-w64\i686-8.1.0-posix-dwarf-rt_v6-rev0\mingw32\bin;C:\Program Files\Azure Data Studio\bin;D:\VSCode\Microsoft VS Code\bin;D:\IDE\PHPSTORM\PhpStorm 2022.1.2\bin;;C:\Program Files\CMake\bin;;C:\Program Files\JetBrains\PyCharm 2022.1.3\bin;;D:\IDE\IntelliJ\IntelliJ IDEA Community Edition 2023.3.4\bin;;."/>
    <property name="java.vm.info" value="mixed mode"/>
    <property name="java.vendor" value="Oracle Corporation"/>
    <property name="java.vm.version" value="14.0.2+12-46"/>
    <property name="sun.io.unicode.encoding" value="UnicodeLittle"/>
    <property name="java.class.version" value="58.0"/>
  </properties>
  <testcase name="armedAlarmAndActivatedSensor_AlarmStatusToPending(ArmingStatus)[1]" classname="com.udacity.catpoint.security.SecurityServiceTest" time="1.16"/>
  <testcase name="armedAlarmAndActivatedSensor_AlarmStatusToPending(ArmingStatus)[2]" classname="com.udacity.catpoint.security.SecurityServiceTest" time="0.006"/>
  <testcase name="armehomedSystemAndDetectCatImage_AlarmStatusToAlarm(ArmingStatus)[1]" classname="com.udacity.catpoint.security.SecurityServiceTest" time="0.023"/>
  <testcase name="armehomedSystemAndDetectCatImage_AlarmStatusToAlarm(ArmingStatus)[2]" classname="com.udacity.catpoint.security.SecurityServiceTest" time="0.006"/>
  <testcase name="detectNoCatImageAndNotActiveSensor_AlarmStatusToNoAlarm" classname="com.udacity.catpoint.security.SecurityServiceTest" time="0.005"/>
  <testcase name="detectCatImageAndSystemIsArmedhome_AlarmStatusToAlarm" classname="com.udacity.catpoint.security.SecurityServiceTest" time="0.005"/>
  <testcase name="armedSystem_resetAllSensorsToInactive(ArmingStatus)[1]" classname="com.udacity.catpoint.security.SecurityServiceTest" time="0.015"/>
  <testcase name="armedSystem_resetAllSensorsToInactive(ArmingStatus)[2]" classname="com.udacity.catpoint.security.SecurityServiceTest" time="0.003"/>
  <testcase name="detivateActiveSensor_NoChangeToAlarmState" classname="com.udacity.catpoint.security.SecurityServiceTest" time="0.003"/>
  <testcase name="activateActiveSensorAndPendingAlarm_AlarmStatusToAlarm(ArmingStatus)[1]" classname="com.udacity.catpoint.security.SecurityServiceTest" time="0.004"/>
  <testcase name="activateActiveSensorAndPendingAlarm_AlarmStatusToAlarm(ArmingStatus)[2]" classname="com.udacity.catpoint.security.SecurityServiceTest" time="0.004"/>
  <testcase name="CCOV_AddAndRemoveSensor" classname="com.udacity.catpoint.security.SecurityServiceTest" time="0.003"/>
  <testcase name="activeAlarm_ChangeSensorStateNotAffectAlarmState(boolean)[1]" classname="com.udacity.catpoint.security.SecurityServiceTest" time="0.003"/>
  <testcase name="activeAlarm_ChangeSensorStateNotAffectAlarmState(boolean)[2]" classname="com.udacity.catpoint.security.SecurityServiceTest" time="0.004"/>
  <testcase name="pendingAlarmAndInactiveSensor_AlarmStatusToNoAlarm" classname="com.udacity.catpoint.security.SecurityServiceTest" time="0.004"/>
  <testcase name="disarmedSystem_AlarmStatusToNoAlarm" classname="com.udacity.catpoint.security.SecurityServiceTest" time="0.004"/>
  <testcase name="CCOV_AddAndRemoveStatusListener" classname="com.udacity.catpoint.security.SecurityServiceTest" time="0.001"/>
  <testcase name="armedAlarmAndActivatedSensorAndPendingAlarmStatus_AlarmStatusToAlarm(ArmingStatus)[1]" classname="com.udacity.catpoint.security.SecurityServiceTest" time="0.005"/>
  <testcase name="armedAlarmAndActivatedSensorAndPendingAlarmStatus_AlarmStatusToAlarm(ArmingStatus)[2]" classname="com.udacity.catpoint.security.SecurityServiceTest" time="0.005"/>
</testsuite>